2025-12-14 18:49:15.518554 Running AsuFastPktTransmit service
2025-12-14 18:49:15.518663 Config path: /mnt/flash/fastpkttx Max Run Time: 600 Seconds
2025-12-14 18:49:15.518694 WARNING: /mnt/flash/fastpkttx does not exist. Exiting.
2025-12-14 19:49:17.585383 Running AsuFastPktTransmit service
2025-12-14 19:49:17.733326 Config path: /mnt/flash/fastpkttx Max Run Time: 600 Seconds
2025-12-14 19:49:17.733370 WARNING: /mnt/flash/fastpkttx does not exist. Exiting.
2025-12-15 05:06:18.427310 Running AsuFastPktTransmit service
2025-12-15 05:06:18.432578 Config path: /mnt/flash/fastpkttx Max Run Time: 600 Seconds
2025-12-15 05:06:18.432675 WARNING: /mnt/flash/fastpkttx does not exist. Exiting.
2025-12-15 19:30:25.093445 Running AsuFastPktTransmit service
2025-12-15 19:30:25.106981 Config path: /mnt/flash/fastpkttx Max Run Time: 600 Seconds
2025-12-15 19:30:25.107003 WARNING: /mnt/flash/fastpkttx does not exist. Exiting.
2025-12-16 05:02:25.847721 Running AsuFastPktTransmit service
2025-12-16 05:02:25.906220 Config path: /mnt/flash/fastpkttx Max Run Time: 600 Seconds
2025-12-16 05:02:25.906248 WARNING: /mnt/flash/fastpkttx does not exist. Exiting.
2025-12-17 16:12:30.793451 Running AsuFastPktTransmit service
2025-12-17 16:12:30.876497 Config path: /mnt/flash/fastpkttx Max Run Time: 600 Seconds
2025-12-17 16:12:30.876525 WARNING: /mnt/flash/fastpkttx does not exist. Exiting.
2025-12-18 05:13:06.282540 Running AsuFastPktTransmit service
2025-12-18 05:13:06.283377 Config path: /mnt/flash/fastpkttx Max Run Time: 600 Seconds
2025-12-18 05:13:06.283414 WARNING: /mnt/flash/fastpkttx does not exist. Exiting.
2025-12-18 14:06:04.642935 Running AsuFastPktTransmit service
2025-12-18 14:06:04.643367 Config path: /mnt/flash/fastpkttx Max Run Time: 600 Seconds
2025-12-18 14:06:04.643404 WARNING: /mnt/flash/fastpkttx does not exist. Exiting.
2025-12-19 11:01:01.450113 Running AsuFastPktTransmit service
2025-12-19 11:01:01.450375 Config path: /mnt/flash/fastpkttx Max Run Time: 600 Seconds
2025-12-19 11:01:01.450492 WARNING: /mnt/flash/fastpkttx does not exist. Exiting.
2025-12-20 18:40:57.197110 Running AsuFastPktTransmit service
2025-12-20 18:40:57.197389 Config path: /mnt/flash/fastpkttx Max Run Time: 600 Seconds
2025-12-20 18:40:57.197429 WARNING: /mnt/flash/fastpkttx does not exist. Exiting.
2025-12-21 15:51:38.711836 Running AsuFastPktTransmit service
2025-12-21 15:51:38.711991 Config path: /mnt/flash/fastpkttx Max Run Time: 600 Seconds
2025-12-21 15:51:38.712020 WARNING: /mnt/flash/fastpkttx does not exist. Exiting.
2025-12-21 16:50:41.994669 Running AsuFastPktTransmit service
2025-12-21 16:50:41.994841 Config path: /mnt/flash/fastpkttx Max Run Time: 600 Seconds
2025-12-21 16:50:41.994865 WARNING: /mnt/flash/fastpkttx does not exist. Exiting.
2025-12-22 05:14:57.170860 Running AsuFastPktTransmit service
2025-12-22 05:14:57.170937 Config path: /mnt/flash/fastpkttx Max Run Time: 600 Seconds
2025-12-22 05:14:57.170950 WARNING: /mnt/flash/fastpkttx does not exist. Exiting.
2025-12-23 15:48:31.143526 Running AsuFastPktTransmit service
2025-12-23 15:48:31.152757 Config path: /mnt/flash/fastpkttx Max Run Time: 600 Seconds
2025-12-23 15:48:31.152793 WARNING: /mnt/flash/fastpkttx does not exist. Exiting.
2025-12-23 17:14:12.283251 Running AsuFastPktTransmit service
2025-12-23 17:14:12.283323 Config path: /mnt/flash/fastpkttx Max Run Time: 600 Seconds
2025-12-23 17:14:12.283335 WARNING: /mnt/flash/fastpkttx does not exist. Exiting.
2025-12-24 05:10:35.321636 Running AsuFastPktTransmit service
2025-12-24 05:10:35.321741 Config path: /mnt/flash/fastpkttx Max Run Time: 600 Seconds
2025-12-24 05:10:35.321757 WARNING: /mnt/flash/fastpkttx does not exist. Exiting.
2025-12-24 16:11:51.968573 Running AsuFastPktTransmit service
2025-12-24 16:11:51.970589 Config path: /mnt/flash/fastpkttx Max Run Time: 600 Seconds
2025-12-24 16:11:51.970640 WARNING: /mnt/flash/fastpkttx does not exist. Exiting.
<<<<<<< HEAD
2025-12-24 18:19:43.489321 Running AsuFastPktTransmit service
2025-12-24 18:19:43.489463 Config path: /mnt/flash/fastpkttx Max Run Time: 600 Seconds
2025-12-24 18:19:43.489486 WARNING: /mnt/flash/fastpkttx does not exist. Exiting.
2025-12-27 12:46:19.418369 Running AsuFastPktTransmit service
2025-12-27 12:46:19.418771 Config path: /mnt/flash/fastpkttx Max Run Time: 600 Seconds
2025-12-27 12:46:19.418804 WARNING: /mnt/flash/fastpkttx does not exist. Exiting.
=======
2025-12-25 05:03:40.056405 Running AsuFastPktTransmit service
2025-12-25 05:03:40.069382 Config path: /mnt/flash/fastpkttx Max Run Time: 600 Seconds
2025-12-25 05:03:40.069408 WARNING: /mnt/flash/fastpkttx does not exist. Exiting.
>>>>>>> ce2b5ed053493eae74515dc1164941b63a8dfe0a
2026-02-20 12:48:07.932782 Running AsuFastPktTransmit service
2026-02-20 12:48:07.932880 Config path: /mnt/flash/fastpkttx Max Run Time: 600 Seconds
2026-02-20 12:48:07.932897 WARNING: /mnt/flash/fastpkttx does not exist. Exiting.
2026-02-20 14:26:33.360313 Running AsuFastPktTransmit service
2026-02-20 14:26:33.363821 Config path: /mnt/flash/fastpkttx Max Run Time: 600 Seconds
2026-02-20 14:26:33.364050 WARNING: /mnt/flash/fastpkttx does not exist. Exiting.
2026-02-20 16:13:48.479038 Running AsuFastPktTransmit service
2026-02-20 16:13:48.479129 Config path: /mnt/flash/fastpkttx Max Run Time: 600 Seconds
2026-02-20 16:13:48.479143 WARNING: /mnt/flash/fastpkttx does not exist. Exiting.
