2025-12-14 18:49:10.821550 Checking if this is ssu reboot to run SsuRestore service
2025-12-14 18:49:10.832024 Converting PStore if necessary
2025-12-14 19:49:15.007396 Checking if this is ssu reboot to run SsuRestore service
2025-12-14 19:49:15.103314 Converting PStore if necessary
2025-12-15 05:06:12.725747 Checking if this is ssu reboot to run SsuRestore service
2025-12-15 05:06:12.761758 Converting PStore if necessary
2025-12-15 19:30:19.788576 Checking if this is ssu reboot to run SsuRestore service
2025-12-15 19:30:19.902478 Converting PStore if necessary
2025-12-16 05:02:19.922008 Checking if this is ssu reboot to run SsuRestore service
2025-12-16 05:02:20.003285 Converting PStore if necessary
2025-12-17 16:12:24.171162 Checking if this is ssu reboot to run SsuRestore service
2025-12-17 16:12:24.207701 Converting PStore if necessary
2025-12-18 05:13:00.872423 Checking if this is ssu reboot to run SsuRestore service
2025-12-18 05:13:00.916833 Converting PStore if necessary
2025-12-18 14:06:02.095511 Checking if this is ssu reboot to run SsuRestore service
2025-12-18 14:06:02.100718 Converting PStore if necessary
2025-12-19 11:01:01.016706 Checking if this is ssu reboot to run SsuRestore service
2025-12-19 11:01:01.017756 Converting PStore if necessary
2025-12-20 18:40:56.829314 Checking if this is ssu reboot to run SsuRestore service
2025-12-20 18:40:56.831427 Converting PStore if necessary
2025-12-21 15:51:38.326673 Checking if this is ssu reboot to run SsuRestore service
2025-12-21 15:51:38.328080 Converting PStore if necessary
2025-12-21 16:50:41.311145 Checking if this is ssu reboot to run SsuRestore service
2025-12-21 16:50:41.313941 Converting PStore if necessary
2025-12-22 05:14:52.973607 Checking if this is ssu reboot to run SsuRestore service
2025-12-22 05:14:53.007876 Converting PStore if necessary
2025-12-23 15:48:25.808010 Checking if this is ssu reboot to run SsuRestore service
2025-12-23 15:48:25.973462 Converting PStore if necessary
2025-12-23 17:14:12.003669 Checking if this is ssu reboot to run SsuRestore service
2025-12-23 17:14:12.005127 Converting PStore if necessary
2025-12-24 05:10:29.586708 Checking if this is ssu reboot to run SsuRestore service
2025-12-24 05:10:29.611352 Converting PStore if necessary
2025-12-24 16:11:46.733461 Checking if this is ssu reboot to run SsuRestore service
2025-12-24 16:11:46.769720 Converting PStore if necessary
<<<<<<< HEAD
2025-12-24 18:19:43.209873 Checking if this is ssu reboot to run SsuRestore service
2025-12-24 18:19:43.211917 Converting PStore if necessary
2025-12-27 12:46:19.051608 Checking if this is ssu reboot to run SsuRestore service
2025-12-27 12:46:19.060527 Converting PStore if necessary
=======
2025-12-25 05:03:37.286271 Checking if this is ssu reboot to run SsuRestore service
2025-12-25 05:03:37.298519 Converting PStore if necessary
>>>>>>> ce2b5ed053493eae74515dc1164941b63a8dfe0a
2026-02-20 12:48:07.562776 Checking if this is ssu reboot to run SsuRestore service
2026-02-20 12:48:07.564304 Converting PStore if necessary
2026-02-20 14:26:32.766746 Checking if this is ssu reboot to run SsuRestore service
2026-02-20 14:26:32.771353 Converting PStore if necessary
2026-02-20 16:13:48.165436 Checking if this is ssu reboot to run SsuRestore service
2026-02-20 16:13:48.183751 Converting PStore if necessary
