2025-12-14 19:49:15.282393 Starting SsuRestore service (Normal Reload)
2025-12-15 05:06:12.504140 Starting SsuRestore service (Normal Reload)
2025-12-15 19:30:19.664765 Starting SsuRestore service (Normal Reload)
2025-12-16 05:02:19.887838 Starting SsuRestore service (Normal Reload)
2025-12-17 16:12:24.106593 Starting SsuRestore service (Normal Reload)
2025-12-18 05:13:00.593409 Starting SsuRestore service (Normal Reload)
2025-12-18 14:06:02.081633 Starting SsuRestore service (Normal Reload)
2025-12-19 11:01:00.998375 Starting SsuRestore service (Normal Reload)
2025-12-20 18:40:56.687318 Starting SsuRestore service (Normal Reload)
2025-12-21 15:51:38.293623 Starting SsuRestore service (Normal Reload)
2025-12-21 16:50:41.302808 Starting SsuRestore service (Normal Reload)
2025-12-22 05:14:52.972610 Starting SsuRestore service (Normal Reload)
2025-12-23 15:48:25.788756 Starting SsuRestore service (Normal Reload)
2025-12-23 17:14:11.245830 Starting SsuRestore service (Normal Reload)
2025-12-24 05:10:29.585108 Starting SsuRestore service (Normal Reload)
2025-12-24 16:11:46.718246 Starting SsuRestore service (Normal Reload)
<<<<<<< HEAD
2025-12-24 18:19:43.153065 Starting SsuRestore service (Normal Reload)
2025-12-27 12:46:19.065380 Starting SsuRestore service (Normal Reload)
=======
2025-12-25 05:03:37.101753 Starting SsuRestore service (Normal Reload)
>>>>>>> ce2b5ed053493eae74515dc1164941b63a8dfe0a
2026-02-20 12:48:06.952663 Starting SsuRestore service (Normal Reload)
2026-02-20 12:48:06.953236 Removing pstore files in normal reload
2026-02-20 14:26:33.644820 Starting SsuRestore service (Normal Reload)
2026-02-20 14:26:33.645942 Removing pstore files in normal reload
2026-02-20 16:13:47.877762 Starting SsuRestore service (Normal Reload)
2026-02-20 16:13:47.878295 Removing pstore files in normal reload
