2025-12-14 19:49:14.969804 Starting SsuRestore service (Normal Reload)
2025-12-15 05:06:12.504325 Starting SsuRestore service (Normal Reload)
2025-12-15 19:30:19.664839 Starting SsuRestore service (Normal Reload)
2025-12-16 05:02:19.887954 Starting SsuRestore service (Normal Reload)
2025-12-17 16:12:24.106613 Starting SsuRestore service (Normal Reload)
2025-12-18 05:13:00.593398 Starting SsuRestore service (Normal Reload)
2025-12-18 14:06:02.093909 Starting SsuRestore service (Normal Reload)
2025-12-19 11:01:01.329895 Starting SsuRestore service (Normal Reload)
2025-12-20 18:40:56.464734 Starting SsuRestore service (Normal Reload)
2025-12-21 15:51:38.565004 Starting SsuRestore service (Normal Reload)
2025-12-21 16:50:41.339771 Starting SsuRestore service (Normal Reload)
2025-12-22 05:14:52.972627 Starting SsuRestore service (Normal Reload)
2025-12-23 15:48:25.789166 Starting SsuRestore service (Normal Reload)
2025-12-23 17:14:11.854935 Starting SsuRestore service (Normal Reload)
2025-12-24 05:10:29.585128 Starting SsuRestore service (Normal Reload)
2025-12-24 16:11:46.718003 Starting SsuRestore service (Normal Reload)
<<<<<<< HEAD
2025-12-24 18:19:43.481504 Starting SsuRestore service (Normal Reload)
2025-12-27 12:46:18.957842 Starting SsuRestore service (Normal Reload)
=======
2025-12-25 05:03:37.125724 Starting SsuRestore service (Normal Reload)
>>>>>>> ce2b5ed053493eae74515dc1164941b63a8dfe0a
2026-02-20 12:48:07.737787 Starting SsuRestore service (Normal Reload)
2026-02-20 12:48:07.742031 Removing pstore files in normal reload
2026-02-20 14:26:33.293940 Starting SsuRestore service (Normal Reload)
2026-02-20 14:26:33.295406 Removing pstore files in normal reload
2026-02-20 16:13:46.746427 Starting SsuRestore service (Normal Reload)
2026-02-20 16:13:46.747177 Removing pstore files in normal reload
