2025-12-14 18:49:15.510732 Running AsuFastPktTransmit service
2025-12-14 18:49:15.510816 Config path: /mnt/flash/fastpkttx Max Run Time: 600 Seconds
2025-12-14 18:49:15.510831 WARNING: /mnt/flash/fastpkttx does not exist. Exiting.
2025-12-14 19:49:17.563899 Running AsuFastPktTransmit service
2025-12-14 19:49:17.745929 Config path: /mnt/flash/fastpkttx Max Run Time: 600 Seconds
2025-12-14 19:49:17.745957 WARNING: /mnt/flash/fastpkttx does not exist. Exiting.
2025-12-15 05:06:18.433360 Running AsuFastPktTransmit service
2025-12-15 05:06:18.467522 Config path: /mnt/flash/fastpkttx Max Run Time: 600 Seconds
2025-12-15 05:06:18.467566 WARNING: /mnt/flash/fastpkttx does not exist. Exiting.
2025-12-15 19:30:25.092911 Running AsuFastPktTransmit service
2025-12-15 19:30:25.164012 Config path: /mnt/flash/fastpkttx Max Run Time: 600 Seconds
2025-12-15 19:30:25.164038 WARNING: /mnt/flash/fastpkttx does not exist. Exiting.
2025-12-16 05:02:25.843306 Running AsuFastPktTransmit service
2025-12-16 05:02:25.941073 Config path: /mnt/flash/fastpkttx Max Run Time: 600 Seconds
2025-12-16 05:02:25.941099 WARNING: /mnt/flash/fastpkttx does not exist. Exiting.
2025-12-17 16:12:30.793536 Running AsuFastPktTransmit service
2025-12-17 16:12:30.793952 Config path: /mnt/flash/fastpkttx Max Run Time: 600 Seconds
2025-12-17 16:12:30.793972 WARNING: /mnt/flash/fastpkttx does not exist. Exiting.
2025-12-18 05:13:06.283264 Running AsuFastPktTransmit service
2025-12-18 05:13:06.380506 Config path: /mnt/flash/fastpkttx Max Run Time: 600 Seconds
2025-12-18 05:13:06.380537 WARNING: /mnt/flash/fastpkttx does not exist. Exiting.
2025-12-18 14:06:04.640056 Running AsuFastPktTransmit service
2025-12-18 14:06:04.640583 Config path: /mnt/flash/fastpkttx Max Run Time: 600 Seconds
2025-12-18 14:06:04.640617 WARNING: /mnt/flash/fastpkttx does not exist. Exiting.
2025-12-19 11:01:01.681607 Running AsuFastPktTransmit service
2025-12-19 11:01:01.681900 Config path: /mnt/flash/fastpkttx Max Run Time: 600 Seconds
2025-12-19 11:01:01.681922 WARNING: /mnt/flash/fastpkttx does not exist. Exiting.
2025-12-20 18:40:57.139875 Running AsuFastPktTransmit service
2025-12-20 18:40:57.141181 Config path: /mnt/flash/fastpkttx Max Run Time: 600 Seconds
2025-12-20 18:40:57.141471 WARNING: /mnt/flash/fastpkttx does not exist. Exiting.
2025-12-21 15:51:38.423641 Running AsuFastPktTransmit service
2025-12-21 15:51:38.423751 Config path: /mnt/flash/fastpkttx Max Run Time: 600 Seconds
2025-12-21 15:51:38.423770 WARNING: /mnt/flash/fastpkttx does not exist. Exiting.
2025-12-21 16:50:41.998845 Running AsuFastPktTransmit service
2025-12-21 16:50:41.999278 Config path: /mnt/flash/fastpkttx Max Run Time: 600 Seconds
2025-12-21 16:50:41.999324 WARNING: /mnt/flash/fastpkttx does not exist. Exiting.
2025-12-22 05:14:57.177048 Running AsuFastPktTransmit service
2025-12-22 05:14:57.177134 Config path: /mnt/flash/fastpkttx Max Run Time: 600 Seconds
2025-12-22 05:14:57.177146 WARNING: /mnt/flash/fastpkttx does not exist. Exiting.
2025-12-23 15:48:31.151835 Running AsuFastPktTransmit service
2025-12-23 15:48:31.212415 Config path: /mnt/flash/fastpkttx Max Run Time: 600 Seconds
2025-12-23 15:48:31.212446 WARNING: /mnt/flash/fastpkttx does not exist. Exiting.
2025-12-23 17:14:12.106760 Running AsuFastPktTransmit service
2025-12-23 17:14:12.106856 Config path: /mnt/flash/fastpkttx Max Run Time: 600 Seconds
2025-12-23 17:14:12.106871 WARNING: /mnt/flash/fastpkttx does not exist. Exiting.
2025-12-24 05:10:35.319124 Running AsuFastPktTransmit service
2025-12-24 05:10:35.319191 Config path: /mnt/flash/fastpkttx Max Run Time: 600 Seconds
2025-12-24 05:10:35.319201 WARNING: /mnt/flash/fastpkttx does not exist. Exiting.
2025-12-24 16:11:51.978054 Running AsuFastPktTransmit service
2025-12-24 16:11:51.979356 Config path: /mnt/flash/fastpkttx Max Run Time: 600 Seconds
2025-12-24 16:11:51.979415 WARNING: /mnt/flash/fastpkttx does not exist. Exiting.
<<<<<<< HEAD
2025-12-24 18:19:43.116323 Running AsuFastPktTransmit service
2025-12-24 18:19:43.116645 Config path: /mnt/flash/fastpkttx Max Run Time: 600 Seconds
2025-12-24 18:19:43.116743 WARNING: /mnt/flash/fastpkttx does not exist. Exiting.
2025-12-27 12:46:19.444525 Running AsuFastPktTransmit service
2025-12-27 12:46:19.445055 Config path: /mnt/flash/fastpkttx Max Run Time: 600 Seconds
2025-12-27 12:46:19.445095 WARNING: /mnt/flash/fastpkttx does not exist. Exiting.
=======
2025-12-25 05:03:40.050833 Running AsuFastPktTransmit service
2025-12-25 05:03:40.059399 Config path: /mnt/flash/fastpkttx Max Run Time: 600 Seconds
2025-12-25 05:03:40.059423 WARNING: /mnt/flash/fastpkttx does not exist. Exiting.
>>>>>>> ce2b5ed053493eae74515dc1164941b63a8dfe0a
