2025-12-14 18:49:10.821802 Checking if this is ssu reboot to run SsuRestore service
2025-12-14 18:49:10.831355 Converting PStore if necessary
2025-12-14 19:49:15.008338 Checking if this is ssu reboot to run SsuRestore service
2025-12-14 19:49:15.101576 Converting PStore if necessary
2025-12-15 05:06:12.522513 Checking if this is ssu reboot to run SsuRestore service
2025-12-15 05:06:12.627111 Converting PStore if necessary
2025-12-15 19:30:19.708888 Checking if this is ssu reboot to run SsuRestore service
2025-12-15 19:30:19.796162 Converting PStore if necessary
2025-12-16 05:02:19.898108 Checking if this is ssu reboot to run SsuRestore service
2025-12-16 05:02:20.022696 Converting PStore if necessary
2025-12-17 16:12:24.136562 Checking if this is ssu reboot to run SsuRestore service
2025-12-17 16:12:24.396376 Converting PStore if necessary
2025-12-18 05:13:00.625159 Checking if this is ssu reboot to run SsuRestore service
2025-12-18 05:13:00.629536 Converting PStore if necessary
2025-12-18 14:06:02.089424 Checking if this is ssu reboot to run SsuRestore service
2025-12-18 14:06:02.093646 Converting PStore if necessary
2025-12-19 11:01:01.323221 Checking if this is ssu reboot to run SsuRestore service
2025-12-19 11:01:01.331148 Converting PStore if necessary
2025-12-20 18:40:56.768502 Checking if this is ssu reboot to run SsuRestore service
2025-12-20 18:40:56.775474 Converting PStore if necessary
2025-12-21 15:51:38.124742 Checking if this is ssu reboot to run SsuRestore service
2025-12-21 15:51:38.125703 Converting PStore if necessary
2025-12-21 16:50:41.320522 Checking if this is ssu reboot to run SsuRestore service
2025-12-21 16:50:41.324488 Converting PStore if necessary
2025-12-22 05:14:52.973629 Checking if this is ssu reboot to run SsuRestore service
2025-12-22 05:14:53.007030 Converting PStore if necessary
2025-12-23 15:48:25.810898 Checking if this is ssu reboot to run SsuRestore service
2025-12-23 15:48:25.843151 Converting PStore if necessary
2025-12-23 17:14:11.739885 Checking if this is ssu reboot to run SsuRestore service
2025-12-23 17:14:11.742422 Converting PStore if necessary
2025-12-24 05:10:29.586595 Checking if this is ssu reboot to run SsuRestore service
2025-12-24 05:10:29.610498 Converting PStore if necessary
2025-12-24 16:11:46.721491 Checking if this is ssu reboot to run SsuRestore service
2025-12-24 16:11:46.771202 Converting PStore if necessary
<<<<<<< HEAD
2025-12-24 18:19:42.788715 Checking if this is ssu reboot to run SsuRestore service
2025-12-24 18:19:42.791375 Converting PStore if necessary
2025-12-27 12:46:19.078598 Checking if this is ssu reboot to run SsuRestore service
2025-12-27 12:46:19.114575 Converting PStore if necessary
=======
2025-12-25 05:03:37.170062 Checking if this is ssu reboot to run SsuRestore service
2025-12-25 05:03:37.355986 Converting PStore if necessary
>>>>>>> ce2b5ed053493eae74515dc1164941b63a8dfe0a
2026-02-20 12:48:07.728400 Checking if this is ssu reboot to run SsuRestore service
2026-02-20 12:48:07.730164 Converting PStore if necessary
2026-02-20 14:26:32.779563 Checking if this is ssu reboot to run SsuRestore service
2026-02-20 14:26:32.786318 Converting PStore if necessary
2026-02-20 16:13:47.125997 Checking if this is ssu reboot to run SsuRestore service
2026-02-20 16:13:47.127114 Converting PStore if necessary
