2025-12-14 19:49:14.980156 Starting SsuRestore service (Normal Reload)
2025-12-15 05:06:12.504641 Starting SsuRestore service (Normal Reload)
2025-12-15 19:30:19.664770 Starting SsuRestore service (Normal Reload)
2025-12-16 05:02:19.887811 Starting SsuRestore service (Normal Reload)
2025-12-17 16:12:24.106644 Starting SsuRestore service (Normal Reload)
2025-12-18 05:13:00.593403 Starting SsuRestore service (Normal Reload)
2025-12-18 14:06:02.091450 Starting SsuRestore service (Normal Reload)
2025-12-19 11:01:01.010116 Starting SsuRestore service (Normal Reload)
2025-12-20 18:40:56.463456 Starting SsuRestore service (Normal Reload)
2025-12-21 15:51:38.115843 Starting SsuRestore service (Normal Reload)
2025-12-21 16:50:41.411152 Starting SsuRestore service (Normal Reload)
2025-12-22 05:14:52.972623 Starting SsuRestore service (Normal Reload)
2025-12-23 15:48:25.789962 Starting SsuRestore service (Normal Reload)
2025-12-23 17:14:11.837458 Starting SsuRestore service (Normal Reload)
2025-12-24 05:10:29.585147 Starting SsuRestore service (Normal Reload)
2025-12-24 16:11:46.718228 Starting SsuRestore service (Normal Reload)
<<<<<<< HEAD
2025-12-24 18:19:42.814433 Starting SsuRestore service (Normal Reload)
2025-12-27 12:46:19.099691 Starting SsuRestore service (Normal Reload)
=======
2025-12-25 05:03:37.120615 Starting SsuRestore service (Normal Reload)
>>>>>>> ce2b5ed053493eae74515dc1164941b63a8dfe0a
2026-02-20 12:48:08.337238 Starting SsuRestore service (Normal Reload)
2026-02-20 12:48:08.337868 Removing pstore files in normal reload
2026-02-20 14:26:32.917328 Starting SsuRestore service (Normal Reload)
2026-02-20 14:26:32.922127 Removing pstore files in normal reload
2026-02-20 16:13:47.412157 Starting SsuRestore service (Normal Reload)
2026-02-20 16:13:47.412793 Removing pstore files in normal reload
