2025-12-14 18:49:15.518363 Running AsuFastPktTransmit service
2025-12-14 18:49:15.518510 Config path: /mnt/flash/fastpkttx Max Run Time: 600 Seconds
2025-12-14 18:49:15.518540 WARNING: /mnt/flash/fastpkttx does not exist. Exiting.
2025-12-14 19:49:17.568555 Running AsuFastPktTransmit service
2025-12-14 19:49:17.607905 Config path: /mnt/flash/fastpkttx Max Run Time: 600 Seconds
2025-12-14 19:49:17.607979 WARNING: /mnt/flash/fastpkttx does not exist. Exiting.
2025-12-15 05:06:18.433764 Running AsuFastPktTransmit service
2025-12-15 05:06:18.434188 Config path: /mnt/flash/fastpkttx Max Run Time: 600 Seconds
2025-12-15 05:06:18.434226 WARNING: /mnt/flash/fastpkttx does not exist. Exiting.
2025-12-15 19:30:25.087869 Running AsuFastPktTransmit service
2025-12-15 19:30:25.170069 Config path: /mnt/flash/fastpkttx Max Run Time: 600 Seconds
2025-12-15 19:30:25.170096 WARNING: /mnt/flash/fastpkttx does not exist. Exiting.
2025-12-16 05:02:25.851771 Running AsuFastPktTransmit service
2025-12-16 05:02:25.880518 Config path: /mnt/flash/fastpkttx Max Run Time: 600 Seconds
2025-12-16 05:02:25.880545 WARNING: /mnt/flash/fastpkttx does not exist. Exiting.
2025-12-17 16:12:30.787700 Running AsuFastPktTransmit service
2025-12-17 16:12:30.839726 Config path: /mnt/flash/fastpkttx Max Run Time: 600 Seconds
2025-12-17 16:12:30.839757 WARNING: /mnt/flash/fastpkttx does not exist. Exiting.
2025-12-18 05:13:06.295838 Running AsuFastPktTransmit service
2025-12-18 05:13:06.296261 Config path: /mnt/flash/fastpkttx Max Run Time: 600 Seconds
2025-12-18 05:13:06.296295 WARNING: /mnt/flash/fastpkttx does not exist. Exiting.
2025-12-18 14:06:04.635122 Running AsuFastPktTransmit service
2025-12-18 14:06:04.635755 Config path: /mnt/flash/fastpkttx Max Run Time: 600 Seconds
2025-12-18 14:06:04.635778 WARNING: /mnt/flash/fastpkttx does not exist. Exiting.
2025-12-19 11:01:01.696325 Running AsuFastPktTransmit service
2025-12-19 11:01:01.696528 Config path: /mnt/flash/fastpkttx Max Run Time: 600 Seconds
2025-12-19 11:01:01.696550 WARNING: /mnt/flash/fastpkttx does not exist. Exiting.
2025-12-20 18:40:56.867550 Running AsuFastPktTransmit service
2025-12-20 18:40:56.868175 Config path: /mnt/flash/fastpkttx Max Run Time: 600 Seconds
2025-12-20 18:40:56.868293 WARNING: /mnt/flash/fastpkttx does not exist. Exiting.
2025-12-21 15:51:38.855570 Running AsuFastPktTransmit service
2025-12-21 15:51:38.855643 Config path: /mnt/flash/fastpkttx Max Run Time: 600 Seconds
2025-12-21 15:51:38.855656 WARNING: /mnt/flash/fastpkttx does not exist. Exiting.
2025-12-21 16:50:42.082191 Running AsuFastPktTransmit service
2025-12-21 16:50:42.082258 Config path: /mnt/flash/fastpkttx Max Run Time: 600 Seconds
2025-12-21 16:50:42.082274 WARNING: /mnt/flash/fastpkttx does not exist. Exiting.
2025-12-22 05:14:57.172804 Running AsuFastPktTransmit service
2025-12-22 05:14:57.172868 Config path: /mnt/flash/fastpkttx Max Run Time: 600 Seconds
2025-12-22 05:14:57.172880 WARNING: /mnt/flash/fastpkttx does not exist. Exiting.
2025-12-23 15:48:31.152563 Running AsuFastPktTransmit service
2025-12-23 15:48:31.207646 Config path: /mnt/flash/fastpkttx Max Run Time: 600 Seconds
2025-12-23 15:48:31.207689 WARNING: /mnt/flash/fastpkttx does not exist. Exiting.
2025-12-23 17:14:12.169044 Running AsuFastPktTransmit service
2025-12-23 17:14:12.169111 Config path: /mnt/flash/fastpkttx Max Run Time: 600 Seconds
2025-12-23 17:14:12.169122 WARNING: /mnt/flash/fastpkttx does not exist. Exiting.
2025-12-24 05:10:35.321669 Running AsuFastPktTransmit service
2025-12-24 05:10:35.321807 Config path: /mnt/flash/fastpkttx Max Run Time: 600 Seconds
2025-12-24 05:10:35.321850 WARNING: /mnt/flash/fastpkttx does not exist. Exiting.
2025-12-24 16:11:51.976651 Running AsuFastPktTransmit service
2025-12-24 16:11:51.977055 Config path: /mnt/flash/fastpkttx Max Run Time: 600 Seconds
2025-12-24 16:11:51.977083 WARNING: /mnt/flash/fastpkttx does not exist. Exiting.
<<<<<<< HEAD
2025-12-24 18:19:43.715738 Running AsuFastPktTransmit service
2025-12-24 18:19:43.715807 Config path: /mnt/flash/fastpkttx Max Run Time: 600 Seconds
2025-12-24 18:19:43.715820 WARNING: /mnt/flash/fastpkttx does not exist. Exiting.
2025-12-27 12:46:19.424224 Running AsuFastPktTransmit service
2025-12-27 12:46:19.424467 Config path: /mnt/flash/fastpkttx Max Run Time: 600 Seconds
2025-12-27 12:46:19.424482 WARNING: /mnt/flash/fastpkttx does not exist. Exiting.
=======
2025-12-25 05:03:40.057804 Running AsuFastPktTransmit service
2025-12-25 05:03:40.074559 Config path: /mnt/flash/fastpkttx Max Run Time: 600 Seconds
2025-12-25 05:03:40.074588 WARNING: /mnt/flash/fastpkttx does not exist. Exiting.
>>>>>>> ce2b5ed053493eae74515dc1164941b63a8dfe0a
2026-02-20 12:48:08.438624 Running AsuFastPktTransmit service
2026-02-20 12:48:08.438760 Config path: /mnt/flash/fastpkttx Max Run Time: 600 Seconds
2026-02-20 12:48:08.438783 WARNING: /mnt/flash/fastpkttx does not exist. Exiting.
2026-02-20 14:26:33.967027 Running AsuFastPktTransmit service
2026-02-20 14:26:33.967432 Config path: /mnt/flash/fastpkttx Max Run Time: 600 Seconds
2026-02-20 14:26:33.967466 WARNING: /mnt/flash/fastpkttx does not exist. Exiting.
2026-02-20 16:13:47.418305 Running AsuFastPktTransmit service
2026-02-20 16:13:47.418417 Config path: /mnt/flash/fastpkttx Max Run Time: 600 Seconds
2026-02-20 16:13:47.418444 WARNING: /mnt/flash/fastpkttx does not exist. Exiting.
