2025-12-14 18:49:15.511625 Running AsuFastPktTransmit service
2025-12-14 18:49:15.511762 Config path: /mnt/flash/fastpkttx Max Run Time: 600 Seconds
2025-12-14 18:49:15.511793 WARNING: /mnt/flash/fastpkttx does not exist. Exiting.
2025-12-14 19:49:17.576132 Running AsuFastPktTransmit service
2025-12-14 19:49:17.641800 Config path: /mnt/flash/fastpkttx Max Run Time: 600 Seconds
2025-12-14 19:49:17.641845 WARNING: /mnt/flash/fastpkttx does not exist. Exiting.
2025-12-15 05:06:18.445582 Running AsuFastPktTransmit service
2025-12-15 05:06:18.445903 Config path: /mnt/flash/fastpkttx Max Run Time: 600 Seconds
2025-12-15 05:06:18.445916 WARNING: /mnt/flash/fastpkttx does not exist. Exiting.
2025-12-15 19:30:25.087845 Running AsuFastPktTransmit service
2025-12-15 19:30:25.192990 Config path: /mnt/flash/fastpkttx Max Run Time: 600 Seconds
2025-12-15 19:30:25.193016 WARNING: /mnt/flash/fastpkttx does not exist. Exiting.
2025-12-16 05:02:25.845674 Running AsuFastPktTransmit service
2025-12-16 05:02:25.870161 Config path: /mnt/flash/fastpkttx Max Run Time: 600 Seconds
2025-12-16 05:02:25.870188 WARNING: /mnt/flash/fastpkttx does not exist. Exiting.
2025-12-17 16:12:30.788441 Running AsuFastPktTransmit service
2025-12-17 16:12:30.829686 Config path: /mnt/flash/fastpkttx Max Run Time: 600 Seconds
2025-12-17 16:12:30.829760 WARNING: /mnt/flash/fastpkttx does not exist. Exiting.
2025-12-18 05:13:06.291323 Running AsuFastPktTransmit service
2025-12-18 05:13:06.291956 Config path: /mnt/flash/fastpkttx Max Run Time: 600 Seconds
2025-12-18 05:13:06.292018 WARNING: /mnt/flash/fastpkttx does not exist. Exiting.
2025-12-18 14:06:04.644771 Running AsuFastPktTransmit service
2025-12-18 14:06:04.645302 Config path: /mnt/flash/fastpkttx Max Run Time: 600 Seconds
2025-12-18 14:06:04.645340 WARNING: /mnt/flash/fastpkttx does not exist. Exiting.
2025-12-19 11:01:01.024761 Running AsuFastPktTransmit service
2025-12-19 11:01:01.024998 Config path: /mnt/flash/fastpkttx Max Run Time: 600 Seconds
2025-12-19 11:01:01.025036 WARNING: /mnt/flash/fastpkttx does not exist. Exiting.
2025-12-20 18:40:57.259233 Running AsuFastPktTransmit service
2025-12-20 18:40:57.260652 Config path: /mnt/flash/fastpkttx Max Run Time: 600 Seconds
2025-12-20 18:40:57.260668 WARNING: /mnt/flash/fastpkttx does not exist. Exiting.
2025-12-21 15:51:38.811679 Running AsuFastPktTransmit service
2025-12-21 15:51:38.811921 Config path: /mnt/flash/fastpkttx Max Run Time: 600 Seconds
2025-12-21 15:51:38.811937 WARNING: /mnt/flash/fastpkttx does not exist. Exiting.
2025-12-21 16:50:42.080927 Running AsuFastPktTransmit service
2025-12-21 16:50:42.080995 Config path: /mnt/flash/fastpkttx Max Run Time: 600 Seconds
2025-12-21 16:50:42.081008 WARNING: /mnt/flash/fastpkttx does not exist. Exiting.
2025-12-22 05:14:57.169921 Running AsuFastPktTransmit service
2025-12-22 05:14:57.170027 Config path: /mnt/flash/fastpkttx Max Run Time: 600 Seconds
2025-12-22 05:14:57.170040 WARNING: /mnt/flash/fastpkttx does not exist. Exiting.
2025-12-23 15:48:31.151048 Running AsuFastPktTransmit service
2025-12-23 15:48:31.208842 Config path: /mnt/flash/fastpkttx Max Run Time: 600 Seconds
2025-12-23 15:48:31.208887 WARNING: /mnt/flash/fastpkttx does not exist. Exiting.
2025-12-23 17:14:11.995185 Running AsuFastPktTransmit service
2025-12-23 17:14:11.995356 Config path: /mnt/flash/fastpkttx Max Run Time: 600 Seconds
2025-12-23 17:14:11.995381 WARNING: /mnt/flash/fastpkttx does not exist. Exiting.
2025-12-24 05:10:35.319917 Running AsuFastPktTransmit service
2025-12-24 05:10:35.319974 Config path: /mnt/flash/fastpkttx Max Run Time: 600 Seconds
2025-12-24 05:10:35.319984 WARNING: /mnt/flash/fastpkttx does not exist. Exiting.
2025-12-24 16:11:51.977710 Running AsuFastPktTransmit service
2025-12-24 16:11:51.979147 Config path: /mnt/flash/fastpkttx Max Run Time: 600 Seconds
2025-12-24 16:11:51.979185 WARNING: /mnt/flash/fastpkttx does not exist. Exiting.
<<<<<<< HEAD
2025-12-24 18:19:43.355783 Running AsuFastPktTransmit service
2025-12-24 18:19:43.355913 Config path: /mnt/flash/fastpkttx Max Run Time: 600 Seconds
2025-12-24 18:19:43.355936 WARNING: /mnt/flash/fastpkttx does not exist. Exiting.
2025-12-27 12:46:19.163822 Running AsuFastPktTransmit service
2025-12-27 12:46:19.165241 Config path: /mnt/flash/fastpkttx Max Run Time: 600 Seconds
2025-12-27 12:46:19.165317 WARNING: /mnt/flash/fastpkttx does not exist. Exiting.
=======
2025-12-25 05:03:40.056142 Running AsuFastPktTransmit service
2025-12-25 05:03:40.070003 Config path: /mnt/flash/fastpkttx Max Run Time: 600 Seconds
2025-12-25 05:03:40.070041 WARNING: /mnt/flash/fastpkttx does not exist. Exiting.
>>>>>>> ce2b5ed053493eae74515dc1164941b63a8dfe0a
2026-02-20 12:48:08.762815 Running AsuFastPktTransmit service
2026-02-20 12:48:08.762980 Config path: /mnt/flash/fastpkttx Max Run Time: 600 Seconds
2026-02-20 12:48:08.763011 WARNING: /mnt/flash/fastpkttx does not exist. Exiting.
2026-02-20 14:26:34.114707 Running AsuFastPktTransmit service
2026-02-20 14:26:34.115020 Config path: /mnt/flash/fastpkttx Max Run Time: 600 Seconds
2026-02-20 14:26:34.115055 WARNING: /mnt/flash/fastpkttx does not exist. Exiting.
2026-02-20 16:13:48.268780 Running AsuFastPktTransmit service
2026-02-20 16:13:48.268950 Config path: /mnt/flash/fastpkttx Max Run Time: 600 Seconds
2026-02-20 16:13:48.268981 WARNING: /mnt/flash/fastpkttx does not exist. Exiting.
