2025-12-14 18:49:15.509754 Running AsuFastPktTransmit service
2025-12-14 18:49:15.509841 Config path: /mnt/flash/fastpkttx Max Run Time: 600 Seconds
2025-12-14 18:49:15.509853 WARNING: /mnt/flash/fastpkttx does not exist. Exiting.
2025-12-14 19:49:17.581058 Running AsuFastPktTransmit service
2025-12-14 19:49:17.596229 Config path: /mnt/flash/fastpkttx Max Run Time: 600 Seconds
2025-12-14 19:49:17.596278 WARNING: /mnt/flash/fastpkttx does not exist. Exiting.
2025-12-15 05:06:18.427124 Running AsuFastPktTransmit service
2025-12-15 05:06:18.462114 Config path: /mnt/flash/fastpkttx Max Run Time: 600 Seconds
2025-12-15 05:06:18.462141 WARNING: /mnt/flash/fastpkttx does not exist. Exiting.
2025-12-15 19:30:25.087841 Running AsuFastPktTransmit service
2025-12-15 19:30:25.136253 Config path: /mnt/flash/fastpkttx Max Run Time: 600 Seconds
2025-12-15 19:30:25.136279 WARNING: /mnt/flash/fastpkttx does not exist. Exiting.
2025-12-16 05:02:25.842990 Running AsuFastPktTransmit service
2025-12-16 05:02:25.846728 Config path: /mnt/flash/fastpkttx Max Run Time: 600 Seconds
2025-12-16 05:02:25.846741 WARNING: /mnt/flash/fastpkttx does not exist. Exiting.
2025-12-17 16:12:30.799125 Running AsuFastPktTransmit service
2025-12-17 16:12:30.806092 Config path: /mnt/flash/fastpkttx Max Run Time: 600 Seconds
2025-12-17 16:12:30.806180 WARNING: /mnt/flash/fastpkttx does not exist. Exiting.
2025-12-18 05:13:06.284641 Running AsuFastPktTransmit service
2025-12-18 05:13:06.297302 Config path: /mnt/flash/fastpkttx Max Run Time: 600 Seconds
2025-12-18 05:13:06.297338 WARNING: /mnt/flash/fastpkttx does not exist. Exiting.
2025-12-18 14:06:04.652398 Running AsuFastPktTransmit service
2025-12-18 14:06:04.652922 Config path: /mnt/flash/fastpkttx Max Run Time: 600 Seconds
2025-12-18 14:06:04.652957 WARNING: /mnt/flash/fastpkttx does not exist. Exiting.
2025-12-19 11:01:01.460582 Running AsuFastPktTransmit service
2025-12-19 11:01:01.460883 Config path: /mnt/flash/fastpkttx Max Run Time: 600 Seconds
2025-12-19 11:01:01.460920 WARNING: /mnt/flash/fastpkttx does not exist. Exiting.
2025-12-20 18:40:57.330605 Running AsuFastPktTransmit service
2025-12-20 18:40:57.339296 Config path: /mnt/flash/fastpkttx Max Run Time: 600 Seconds
2025-12-20 18:40:57.339365 WARNING: /mnt/flash/fastpkttx does not exist. Exiting.
2025-12-21 15:51:38.052193 Running AsuFastPktTransmit service
2025-12-21 15:51:38.052264 Config path: /mnt/flash/fastpkttx Max Run Time: 600 Seconds
2025-12-21 15:51:38.052277 WARNING: /mnt/flash/fastpkttx does not exist. Exiting.
2025-12-21 16:50:42.066181 Running AsuFastPktTransmit service
2025-12-21 16:50:42.066279 Config path: /mnt/flash/fastpkttx Max Run Time: 600 Seconds
2025-12-21 16:50:42.066291 WARNING: /mnt/flash/fastpkttx does not exist. Exiting.
2025-12-22 05:14:57.179509 Running AsuFastPktTransmit service
2025-12-22 05:14:57.179577 Config path: /mnt/flash/fastpkttx Max Run Time: 600 Seconds
2025-12-22 05:14:57.179589 WARNING: /mnt/flash/fastpkttx does not exist. Exiting.
2025-12-23 15:48:31.147975 Running AsuFastPktTransmit service
2025-12-23 15:48:31.190922 Config path: /mnt/flash/fastpkttx Max Run Time: 600 Seconds
2025-12-23 15:48:31.190949 WARNING: /mnt/flash/fastpkttx does not exist. Exiting.
2025-12-23 17:14:12.076923 Running AsuFastPktTransmit service
2025-12-23 17:14:12.077099 Config path: /mnt/flash/fastpkttx Max Run Time: 600 Seconds
2025-12-23 17:14:12.077121 WARNING: /mnt/flash/fastpkttx does not exist. Exiting.
2025-12-24 05:10:35.313578 Running AsuFastPktTransmit service
2025-12-24 05:10:35.313639 Config path: /mnt/flash/fastpkttx Max Run Time: 600 Seconds
2025-12-24 05:10:35.313651 WARNING: /mnt/flash/fastpkttx does not exist. Exiting.
2025-12-24 16:11:51.971708 Running AsuFastPktTransmit service
2025-12-24 16:11:51.972267 Config path: /mnt/flash/fastpkttx Max Run Time: 600 Seconds
2025-12-24 16:11:51.972326 WARNING: /mnt/flash/fastpkttx does not exist. Exiting.
<<<<<<< HEAD
2025-12-24 18:19:43.110264 Running AsuFastPktTransmit service
2025-12-24 18:19:43.110586 Config path: /mnt/flash/fastpkttx Max Run Time: 600 Seconds
2025-12-24 18:19:43.110698 WARNING: /mnt/flash/fastpkttx does not exist. Exiting.
2025-12-27 12:46:19.348913 Running AsuFastPktTransmit service
2025-12-27 12:46:19.349426 Config path: /mnt/flash/fastpkttx Max Run Time: 600 Seconds
2025-12-27 12:46:19.349464 WARNING: /mnt/flash/fastpkttx does not exist. Exiting.
=======
2025-12-25 05:03:40.054353 Running AsuFastPktTransmit service
2025-12-25 05:03:40.073921 Config path: /mnt/flash/fastpkttx Max Run Time: 600 Seconds
2025-12-25 05:03:40.073943 WARNING: /mnt/flash/fastpkttx does not exist. Exiting.
>>>>>>> ce2b5ed053493eae74515dc1164941b63a8dfe0a
