2025-12-14 18:49:10.822629 Checking if this is ssu reboot to run SsuRestore service
2025-12-14 18:49:10.830365 Converting PStore if necessary
2025-12-14 19:49:15.007371 Checking if this is ssu reboot to run SsuRestore service
2025-12-14 19:49:15.131306 Converting PStore if necessary
2025-12-15 05:06:12.579964 Checking if this is ssu reboot to run SsuRestore service
2025-12-15 05:06:12.591769 Converting PStore if necessary
2025-12-15 19:30:19.742447 Checking if this is ssu reboot to run SsuRestore service
2025-12-15 19:30:19.842170 Converting PStore if necessary
2025-12-16 05:02:19.898198 Checking if this is ssu reboot to run SsuRestore service
2025-12-16 05:02:20.184231 Converting PStore if necessary
2025-12-17 16:12:24.236265 Checking if this is ssu reboot to run SsuRestore service
2025-12-17 16:12:24.310522 Converting PStore if necessary
2025-12-18 05:13:00.648783 Checking if this is ssu reboot to run SsuRestore service
2025-12-18 05:13:00.653670 Converting PStore if necessary
2025-12-18 14:06:02.090385 Checking if this is ssu reboot to run SsuRestore service
2025-12-18 14:06:02.092957 Converting PStore if necessary
2025-12-19 11:01:01.101752 Checking if this is ssu reboot to run SsuRestore service
2025-12-19 11:01:01.116045 Converting PStore if necessary
2025-12-20 18:40:56.968611 Checking if this is ssu reboot to run SsuRestore service
2025-12-20 18:40:56.985176 Converting PStore if necessary
2025-12-21 15:51:37.859413 Checking if this is ssu reboot to run SsuRestore service
2025-12-21 15:51:37.860219 Converting PStore if necessary
2025-12-21 16:50:41.300523 Checking if this is ssu reboot to run SsuRestore service
2025-12-21 16:50:41.311819 Converting PStore if necessary
2025-12-22 05:14:52.973475 Checking if this is ssu reboot to run SsuRestore service
2025-12-22 05:14:53.007156 Converting PStore if necessary
2025-12-23 15:48:25.816257 Checking if this is ssu reboot to run SsuRestore service
2025-12-23 15:48:25.981997 Converting PStore if necessary
2025-12-23 17:14:11.677782 Checking if this is ssu reboot to run SsuRestore service
2025-12-23 17:14:11.681432 Converting PStore if necessary
2025-12-24 05:10:29.587128 Checking if this is ssu reboot to run SsuRestore service
2025-12-24 05:10:29.611061 Converting PStore if necessary
2025-12-24 16:11:46.721953 Checking if this is ssu reboot to run SsuRestore service
2025-12-24 16:11:46.767960 Converting PStore if necessary
<<<<<<< HEAD
2025-12-24 18:19:42.703821 Checking if this is ssu reboot to run SsuRestore service
2025-12-24 18:19:42.705824 Converting PStore if necessary
2025-12-27 12:46:18.808686 Checking if this is ssu reboot to run SsuRestore service
2025-12-27 12:46:18.849455 Converting PStore if necessary
=======
2025-12-25 05:03:37.169434 Checking if this is ssu reboot to run SsuRestore service
2025-12-25 05:03:37.191753 Converting PStore if necessary
>>>>>>> ce2b5ed053493eae74515dc1164941b63a8dfe0a
2026-02-20 12:48:06.890355 Checking if this is ssu reboot to run SsuRestore service
2026-02-20 12:48:06.891185 Converting PStore if necessary
2026-02-20 14:26:33.827619 Checking if this is ssu reboot to run SsuRestore service
2026-02-20 14:26:33.831672 Converting PStore if necessary
2026-02-20 16:13:48.006725 Checking if this is ssu reboot to run SsuRestore service
2026-02-20 16:13:48.008194 Converting PStore if necessary
