2025-12-14 18:49:15.510618 Running AsuFastPktTransmit service
2025-12-14 18:49:15.510685 Config path: /mnt/flash/fastpkttx Max Run Time: 600 Seconds
2025-12-14 18:49:15.510696 WARNING: /mnt/flash/fastpkttx does not exist. Exiting.
2025-12-14 19:49:17.579216 Running AsuFastPktTransmit service
2025-12-14 19:49:17.590665 Config path: /mnt/flash/fastpkttx Max Run Time: 600 Seconds
2025-12-14 19:49:17.590706 WARNING: /mnt/flash/fastpkttx does not exist. Exiting.
2025-12-15 05:06:18.427159 Running AsuFastPktTransmit service
2025-12-15 05:06:18.478557 Config path: /mnt/flash/fastpkttx Max Run Time: 600 Seconds
2025-12-15 05:06:18.478582 WARNING: /mnt/flash/fastpkttx does not exist. Exiting.
2025-12-15 19:30:25.093519 Running AsuFastPktTransmit service
2025-12-15 19:30:25.152886 Config path: /mnt/flash/fastpkttx Max Run Time: 600 Seconds
2025-12-15 19:30:25.152915 WARNING: /mnt/flash/fastpkttx does not exist. Exiting.
2025-12-16 05:02:25.844395 Running AsuFastPktTransmit service
2025-12-16 05:02:25.930000 Config path: /mnt/flash/fastpkttx Max Run Time: 600 Seconds
2025-12-16 05:02:25.930028 WARNING: /mnt/flash/fastpkttx does not exist. Exiting.
2025-12-17 16:12:30.799143 Running AsuFastPktTransmit service
2025-12-17 16:12:30.799578 Config path: /mnt/flash/fastpkttx Max Run Time: 600 Seconds
2025-12-17 16:12:30.799590 WARNING: /mnt/flash/fastpkttx does not exist. Exiting.
2025-12-18 05:13:06.287678 Running AsuFastPktTransmit service
2025-12-18 05:13:06.369465 Config path: /mnt/flash/fastpkttx Max Run Time: 600 Seconds
2025-12-18 05:13:06.369510 WARNING: /mnt/flash/fastpkttx does not exist. Exiting.
2025-12-18 14:06:04.639917 Running AsuFastPktTransmit service
2025-12-18 14:06:04.640675 Config path: /mnt/flash/fastpkttx Max Run Time: 600 Seconds
2025-12-18 14:06:04.640709 WARNING: /mnt/flash/fastpkttx does not exist. Exiting.
2025-12-19 11:01:01.394299 Running AsuFastPktTransmit service
2025-12-19 11:01:01.394754 Config path: /mnt/flash/fastpkttx Max Run Time: 600 Seconds
2025-12-19 11:01:01.394849 WARNING: /mnt/flash/fastpkttx does not exist. Exiting.
2025-12-20 18:40:57.151689 Running AsuFastPktTransmit service
2025-12-20 18:40:57.153000 Config path: /mnt/flash/fastpkttx Max Run Time: 600 Seconds
2025-12-20 18:40:57.153038 WARNING: /mnt/flash/fastpkttx does not exist. Exiting.
2025-12-21 15:51:38.660957 Running AsuFastPktTransmit service
2025-12-21 15:51:38.661025 Config path: /mnt/flash/fastpkttx Max Run Time: 600 Seconds
2025-12-21 15:51:38.661037 WARNING: /mnt/flash/fastpkttx does not exist. Exiting.
2025-12-21 16:50:42.122242 Running AsuFastPktTransmit service
2025-12-21 16:50:42.122310 Config path: /mnt/flash/fastpkttx Max Run Time: 600 Seconds
2025-12-21 16:50:42.122322 WARNING: /mnt/flash/fastpkttx does not exist. Exiting.
2025-12-22 05:14:57.170041 Running AsuFastPktTransmit service
2025-12-22 05:14:57.170120 Config path: /mnt/flash/fastpkttx Max Run Time: 600 Seconds
2025-12-22 05:14:57.170132 WARNING: /mnt/flash/fastpkttx does not exist. Exiting.
2025-12-23 15:48:31.151044 Running AsuFastPktTransmit service
2025-12-23 15:48:31.213710 Config path: /mnt/flash/fastpkttx Max Run Time: 600 Seconds
2025-12-23 15:48:31.213753 WARNING: /mnt/flash/fastpkttx does not exist. Exiting.
2025-12-23 17:14:11.942952 Running AsuFastPktTransmit service
2025-12-23 17:14:11.943096 Config path: /mnt/flash/fastpkttx Max Run Time: 600 Seconds
2025-12-23 17:14:11.943127 WARNING: /mnt/flash/fastpkttx does not exist. Exiting.
2025-12-24 05:10:35.323745 Running AsuFastPktTransmit service
2025-12-24 05:10:35.323937 Config path: /mnt/flash/fastpkttx Max Run Time: 600 Seconds
2025-12-24 05:10:35.323969 WARNING: /mnt/flash/fastpkttx does not exist. Exiting.
2025-12-24 16:11:51.968369 Running AsuFastPktTransmit service
2025-12-24 16:11:51.969049 Config path: /mnt/flash/fastpkttx Max Run Time: 600 Seconds
2025-12-24 16:11:51.969063 WARNING: /mnt/flash/fastpkttx does not exist. Exiting.
<<<<<<< HEAD
2025-12-24 18:19:43.464583 Running AsuFastPktTransmit service
2025-12-24 18:19:43.464903 Config path: /mnt/flash/fastpkttx Max Run Time: 600 Seconds
2025-12-24 18:19:43.464941 WARNING: /mnt/flash/fastpkttx does not exist. Exiting.
2025-12-27 12:46:19.467391 Running AsuFastPktTransmit service
2025-12-27 12:46:19.467760 Config path: /mnt/flash/fastpkttx Max Run Time: 600 Seconds
2025-12-27 12:46:19.467773 WARNING: /mnt/flash/fastpkttx does not exist. Exiting.
=======
2025-12-25 05:03:40.052872 Running AsuFastPktTransmit service
2025-12-25 05:03:40.065138 Config path: /mnt/flash/fastpkttx Max Run Time: 600 Seconds
2025-12-25 05:03:40.065164 WARNING: /mnt/flash/fastpkttx does not exist. Exiting.
>>>>>>> ce2b5ed053493eae74515dc1164941b63a8dfe0a
