2025-12-14 19:49:14.989513 Starting SsuRestore service (Normal Reload)
2025-12-15 05:06:12.504044 Starting SsuRestore service (Normal Reload)
2025-12-15 19:30:19.664795 Starting SsuRestore service (Normal Reload)
2025-12-16 05:02:19.887747 Starting SsuRestore service (Normal Reload)
2025-12-17 16:12:24.106576 Starting SsuRestore service (Normal Reload)
2025-12-18 05:13:00.593293 Starting SsuRestore service (Normal Reload)
2025-12-18 14:06:02.090624 Starting SsuRestore service (Normal Reload)
2025-12-19 11:01:02.072662 Starting SsuRestore service (Normal Reload)
2025-12-20 18:40:56.458146 Starting SsuRestore service (Normal Reload)
2025-12-21 15:51:38.540447 Starting SsuRestore service (Normal Reload)
2025-12-21 16:50:41.935761 Starting SsuRestore service (Normal Reload)
2025-12-22 05:14:52.972619 Starting SsuRestore service (Normal Reload)
2025-12-23 15:48:25.789565 Starting SsuRestore service (Normal Reload)
2025-12-23 17:14:11.854154 Starting SsuRestore service (Normal Reload)
2025-12-24 05:10:29.585114 Starting SsuRestore service (Normal Reload)
2025-12-24 16:11:46.717715 Starting SsuRestore service (Normal Reload)
<<<<<<< HEAD
2025-12-24 18:19:42.787431 Starting SsuRestore service (Normal Reload)
2025-12-27 12:46:19.013112 Starting SsuRestore service (Normal Reload)
=======
2025-12-25 05:03:37.124080 Starting SsuRestore service (Normal Reload)
>>>>>>> ce2b5ed053493eae74515dc1164941b63a8dfe0a
2026-02-20 12:48:07.241240 Starting SsuRestore service (Normal Reload)
2026-02-20 12:48:07.241863 Removing pstore files in normal reload
2026-02-20 14:26:33.169827 Starting SsuRestore service (Normal Reload)
2026-02-20 14:26:33.173635 Removing pstore files in normal reload
2026-02-20 16:13:47.624607 Starting SsuRestore service (Normal Reload)
2026-02-20 16:13:47.627050 Removing pstore files in normal reload
