2025-12-14 18:49:15.518761 Running AsuFastPktTransmit service
2025-12-14 18:49:15.518878 Config path: /mnt/flash/fastpkttx Max Run Time: 600 Seconds
2025-12-14 18:49:15.518908 WARNING: /mnt/flash/fastpkttx does not exist. Exiting.
2025-12-14 19:49:17.575830 Running AsuFastPktTransmit service
2025-12-14 19:49:17.600817 Config path: /mnt/flash/fastpkttx Max Run Time: 600 Seconds
2025-12-14 19:49:17.600917 WARNING: /mnt/flash/fastpkttx does not exist. Exiting.
2025-12-15 05:06:18.427128 Running AsuFastPktTransmit service
2025-12-15 05:06:18.455350 Config path: /mnt/flash/fastpkttx Max Run Time: 600 Seconds
2025-12-15 05:06:18.455382 WARNING: /mnt/flash/fastpkttx does not exist. Exiting.
2025-12-15 19:30:25.087841 Running AsuFastPktTransmit service
2025-12-15 19:30:25.129662 Config path: /mnt/flash/fastpkttx Max Run Time: 600 Seconds
2025-12-15 19:30:25.129687 WARNING: /mnt/flash/fastpkttx does not exist. Exiting.
2025-12-16 05:02:25.844193 Running AsuFastPktTransmit service
2025-12-16 05:02:25.862286 Config path: /mnt/flash/fastpkttx Max Run Time: 600 Seconds
2025-12-16 05:02:25.862312 WARNING: /mnt/flash/fastpkttx does not exist. Exiting.
2025-12-17 16:12:30.791465 Running AsuFastPktTransmit service
2025-12-17 16:12:30.821616 Config path: /mnt/flash/fastpkttx Max Run Time: 600 Seconds
2025-12-17 16:12:30.821684 WARNING: /mnt/flash/fastpkttx does not exist. Exiting.
2025-12-18 05:13:06.282541 Running AsuFastPktTransmit service
2025-12-18 05:13:06.346146 Config path: /mnt/flash/fastpkttx Max Run Time: 600 Seconds
2025-12-18 05:13:06.346189 WARNING: /mnt/flash/fastpkttx does not exist. Exiting.
2025-12-18 14:06:04.630976 Running AsuFastPktTransmit service
2025-12-18 14:06:04.631418 Config path: /mnt/flash/fastpkttx Max Run Time: 600 Seconds
2025-12-18 14:06:04.631448 WARNING: /mnt/flash/fastpkttx does not exist. Exiting.
2025-12-19 11:01:01.536572 Running AsuFastPktTransmit service
2025-12-19 11:01:01.536783 Config path: /mnt/flash/fastpkttx Max Run Time: 600 Seconds
2025-12-19 11:01:01.536821 WARNING: /mnt/flash/fastpkttx does not exist. Exiting.
2025-12-20 18:40:57.333924 Running AsuFastPktTransmit service
2025-12-20 18:40:57.339215 Config path: /mnt/flash/fastpkttx Max Run Time: 600 Seconds
2025-12-20 18:40:57.339279 WARNING: /mnt/flash/fastpkttx does not exist. Exiting.
2025-12-21 15:51:38.794598 Running AsuFastPktTransmit service
2025-12-21 15:51:38.794657 Config path: /mnt/flash/fastpkttx Max Run Time: 600 Seconds
2025-12-21 15:51:38.794668 WARNING: /mnt/flash/fastpkttx does not exist. Exiting.
2025-12-21 16:50:41.986777 Running AsuFastPktTransmit service
2025-12-21 16:50:41.986900 Config path: /mnt/flash/fastpkttx Max Run Time: 600 Seconds
2025-12-21 16:50:41.986924 WARNING: /mnt/flash/fastpkttx does not exist. Exiting.
2025-12-22 05:14:57.170867 Running AsuFastPktTransmit service
2025-12-22 05:14:57.170950 Config path: /mnt/flash/fastpkttx Max Run Time: 600 Seconds
2025-12-22 05:14:57.170962 WARNING: /mnt/flash/fastpkttx does not exist. Exiting.
2025-12-23 15:48:31.146167 Running AsuFastPktTransmit service
2025-12-23 15:48:31.158846 Config path: /mnt/flash/fastpkttx Max Run Time: 600 Seconds
2025-12-23 15:48:31.158872 WARNING: /mnt/flash/fastpkttx does not exist. Exiting.
2025-12-23 17:14:12.052077 Running AsuFastPktTransmit service
2025-12-23 17:14:12.052180 Config path: /mnt/flash/fastpkttx Max Run Time: 600 Seconds
2025-12-23 17:14:12.052192 WARNING: /mnt/flash/fastpkttx does not exist. Exiting.
2025-12-24 05:10:35.317022 Running AsuFastPktTransmit service
2025-12-24 05:10:35.317102 Config path: /mnt/flash/fastpkttx Max Run Time: 600 Seconds
2025-12-24 05:10:35.317113 WARNING: /mnt/flash/fastpkttx does not exist. Exiting.
2025-12-24 16:11:51.968394 Running AsuFastPktTransmit service
2025-12-24 16:11:51.970058 Config path: /mnt/flash/fastpkttx Max Run Time: 600 Seconds
2025-12-24 16:11:51.970085 WARNING: /mnt/flash/fastpkttx does not exist. Exiting.
<<<<<<< HEAD
2025-12-24 18:19:43.135668 Running AsuFastPktTransmit service
2025-12-24 18:19:43.136031 Config path: /mnt/flash/fastpkttx Max Run Time: 600 Seconds
2025-12-24 18:19:43.136143 WARNING: /mnt/flash/fastpkttx does not exist. Exiting.
2025-12-27 12:46:19.494661 Running AsuFastPktTransmit service
2025-12-27 12:46:19.495071 Config path: /mnt/flash/fastpkttx Max Run Time: 600 Seconds
2025-12-27 12:46:19.495115 WARNING: /mnt/flash/fastpkttx does not exist. Exiting.
=======
2025-12-25 05:03:40.051674 Running AsuFastPktTransmit service
2025-12-25 05:03:40.087924 Config path: /mnt/flash/fastpkttx Max Run Time: 600 Seconds
2025-12-25 05:03:40.087950 WARNING: /mnt/flash/fastpkttx does not exist. Exiting.
>>>>>>> ce2b5ed053493eae74515dc1164941b63a8dfe0a
