2025-12-14 18:49:10.822840 Checking if this is ssu reboot to run SsuRestore service
2025-12-14 18:49:10.830073 Converting PStore if necessary
2025-12-14 19:49:15.213782 Checking if this is ssu reboot to run SsuRestore service
2025-12-14 19:49:15.402527 Converting PStore if necessary
2025-12-15 05:06:12.555556 Checking if this is ssu reboot to run SsuRestore service
2025-12-15 05:06:12.557326 Converting PStore if necessary
2025-12-15 19:30:19.720375 Checking if this is ssu reboot to run SsuRestore service
2025-12-15 19:30:19.827178 Converting PStore if necessary
2025-12-16 05:02:19.909289 Checking if this is ssu reboot to run SsuRestore service
2025-12-16 05:02:19.969933 Converting PStore if necessary
2025-12-17 16:12:24.203057 Checking if this is ssu reboot to run SsuRestore service
2025-12-17 16:12:24.208108 Converting PStore if necessary
2025-12-18 05:13:00.659221 Checking if this is ssu reboot to run SsuRestore service
2025-12-18 05:13:00.663134 Converting PStore if necessary
2025-12-18 14:06:01.974270 Checking if this is ssu reboot to run SsuRestore service
2025-12-18 14:06:01.976586 Converting PStore if necessary
2025-12-19 11:01:01.179753 Checking if this is ssu reboot to run SsuRestore service
2025-12-19 11:01:01.181914 Converting PStore if necessary
2025-12-20 18:40:57.047994 Checking if this is ssu reboot to run SsuRestore service
2025-12-20 18:40:57.061032 Converting PStore if necessary
2025-12-21 15:51:38.505983 Checking if this is ssu reboot to run SsuRestore service
2025-12-21 15:51:38.510647 Converting PStore if necessary
2025-12-21 16:50:41.356625 Checking if this is ssu reboot to run SsuRestore service
2025-12-21 16:50:41.376453 Converting PStore if necessary
2025-12-22 05:14:52.973572 Checking if this is ssu reboot to run SsuRestore service
2025-12-22 05:14:53.007658 Converting PStore if necessary
2025-12-23 15:48:25.812501 Checking if this is ssu reboot to run SsuRestore service
2025-12-23 15:48:25.842179 Converting PStore if necessary
2025-12-23 17:14:11.650473 Checking if this is ssu reboot to run SsuRestore service
2025-12-23 17:14:11.665004 Converting PStore if necessary
2025-12-24 05:10:29.587088 Checking if this is ssu reboot to run SsuRestore service
2025-12-24 05:10:29.610604 Converting PStore if necessary
2025-12-24 16:11:46.727813 Checking if this is ssu reboot to run SsuRestore service
2025-12-24 16:11:46.768930 Converting PStore if necessary
<<<<<<< HEAD
2025-12-24 18:19:42.730818 Checking if this is ssu reboot to run SsuRestore service
2025-12-24 18:19:42.733136 Converting PStore if necessary
2025-12-27 12:46:19.218334 Checking if this is ssu reboot to run SsuRestore service
2025-12-27 12:46:19.221206 Converting PStore if necessary
=======
2025-12-25 05:03:37.172578 Checking if this is ssu reboot to run SsuRestore service
2025-12-25 05:03:37.184189 Converting PStore if necessary
>>>>>>> ce2b5ed053493eae74515dc1164941b63a8dfe0a
2026-02-20 12:48:08.428569 Checking if this is ssu reboot to run SsuRestore service
2026-02-20 12:48:08.429692 Converting PStore if necessary
2026-02-20 14:26:33.005837 Checking if this is ssu reboot to run SsuRestore service
2026-02-20 14:26:33.015861 Converting PStore if necessary
2026-02-20 16:13:48.119615 Checking if this is ssu reboot to run SsuRestore service
2026-02-20 16:13:48.122553 Converting PStore if necessary
